# JRE version: OpenJDK Runtime Environment (11.0.10) (build 11.0.10+0-b96-7249189)
# Java VM: OpenJDK 64-Bit Server VM (11.0.10+0-b96-7249189, mixed mode, tiered, compressed oops, g1 gc, windows-amd64)
Heap:
 garbage-first heap   total 608256K, used 452446K [0x0000000080000000, 0x0000000100000000)
  region size 1024K, 314 young (321536K), 1 survivors (1024K)
 Metaspace       used 128041K, capacity 132613K, committed 132944K, reserved 1165312K
  class space    used 15494K, capacity 17168K, committed 17280K, reserved 1048576K
GC Heap History (20 events):
Event: 6954.387 GC heap before
{Heap before GC invocations=423 (full 0):
 garbage-first heap   total 545792K, used 457467K [0x0000000080000000, 0x0000000100000000)
  region size 1024K, 289 young (295936K), 3 survivors (3072K)
 Metaspace       used 127849K, capacity 132449K, committed 132688K, reserved 1165312K
  class space    used 15483K, capacity 17158K, committed 17280K, reserved 1048576K
}
Event: 6954.442 GC heap after
{Heap after GC invocations=424 (full 0):
 garbage-first heap   total 545792K, used 177092K [0x0000000080000000, 0x0000000100000000)
  region size 1024K, 16 young (16384K), 16 survivors (16384K)
 Metaspace       used 127849K, capacity 132449K, committed 132688K, reserved 1165312K
  class space    used 15483K, capacity 17158K, committed 17280K, reserved 1048576K
}
Event: 6956.013 GC heap before
{Heap before GC invocations=425 (full 0):
 garbage-first heap   total 545792K, used 380868K [0x0000000080000000, 0x0000000100000000)
  region size 1024K, 216 young (221184K), 16 survivors (16384K)
 Metaspace       used 127871K, capacity 132450K, committed 132688K, reserved 1165312K
  class space    used 15486K, capacity 17158K, committed 17280K, reserved 1048576K
}
Event: 6956.042 GC heap after
{Heap after GC invocations=426 (full 0):
 garbage-first heap   total 545792K, used 177500K [0x0000000080000000, 0x0000000100000000)
  region size 1024K, 15 young (15360K), 15 survivors (15360K)
 Metaspace       used 127871K, capacity 132450K, committed 132688K, reserved 1165312K
  class space    used 15486K, capacity 17158K, committed 17280K, reserved 1048576K
}
Event: 6956.099 GC heap before
{Heap before GC invocations=426 (full 0):
 garbage-first heap   total 545792K, used 187740K [0x0000000080000000, 0x0000000100000000)
  region size 1024K, 26 young (26624K), 15 survivors (15360K)
 Metaspace       used 127871K, capacity 132450K, committed 132688K, reserved 1165312K
  class space    used 15486K, capacity 17158K, committed 17280K, reserved 1048576K
}
Event: 6956.193 GC heap after
{Heap after GC invocations=427 (full 0):
 garbage-first heap   total 545792K, used 149370K [0x0000000080000000, 0x0000000100000000)
  region size 1024K, 2 young (2048K), 2 survivors (2048K)
 Metaspace       used 127871K, capacity 132450K, committed 132688K, reserved 1165312K
  class space    used 15486K, capacity 17158K, committed 17280K, reserved 1048576K
}
Event: 6956.295 GC heap before
{Heap before GC invocations=427 (full 0):
 garbage-first heap   total 545792K, used 173946K [0x0000000080000000, 0x0000000100000000)
  region size 1024K, 26 young (26624K), 2 survivors (2048K)
 Metaspace       used 127875K, capacity 132456K, committed 132688K, reserved 1165312K
  class space    used 15487K, capacity 17159K, committed 17280K, reserved 1048576K
}
Event: 6956.309 GC heap after
{Heap after GC invocations=428 (full 0):
 garbage-first heap   total 545792K, used 149227K [0x0000000080000000, 0x0000000100000000)
  region size 1024K, 2 young (2048K), 2 survivors (2048K)
 Metaspace       used 127875K, capacity 132456K, committed 132688K, reserved 1165312K
  class space    used 15487K, capacity 17159K, committed 17280K, reserved 1048576K
}
Event: 6957.794 GC heap before
{Heap before GC invocations=428 (full 0):
 garbage-first heap   total 545792K, used 444139K [0x0000000080000000, 0x0000000100000000)
  region size 1024K, 291 young (297984K), 2 survivors (2048K)
 Metaspace       used 127990K, capacity 132610K, committed 132944K, reserved 1165312K
  class space    used 15494K, capacity 17168K, committed 17280K, reserved 1048576K
}
Event: 6957.860 GC heap after
{Heap after GC invocations=429 (full 0):
 garbage-first heap   total 545792K, used 167101K [0x0000000080000000, 0x0000000100000000)
  region size 1024K, 20 young (20480K), 20 survivors (20480K)
 Metaspace       used 127990K, capacity 132610K, committed 132944K, reserved 1165312K
  class space    used 15494K, capacity 17168K, committed 17280K, reserved 1048576K
}
Event: 6959.574 GC heap before
{Heap before GC invocations=430 (full 0):
 garbage-first heap   total 545792K, used 448701K [0x0000000080000000, 0x0000000100000000)
  region size 1024K, 295 young (302080K), 20 survivors (20480K)
 Metaspace       used 128016K, capacity 132611K, committed 132944K, reserved 1165312K
  class space    used 15494K, capacity 17168K, committed 17280K, reserved 1048576K
}
Event: 6959.628 GC heap after
{Heap after GC invocations=431 (full 0):
 garbage-first heap   total 545792K, used 173159K [0x0000000080000000, 0x0000000100000000)
  region size 1024K, 26 young (26624K), 26 survivors (26624K)
 Metaspace       used 128016K, capacity 132611K, committed 132944K, reserved 1165312K
  class space    used 15494K, capacity 17168K, committed 17280K, reserved 1048576K
}
Event: 6959.634 GC heap before
{Heap before GC invocations=431 (full 0):
 garbage-first heap   total 545792K, used 174183K [0x0000000080000000, 0x0000000100000000)
  region size 1024K, 27 young (27648K), 26 survivors (26624K)
 Metaspace       used 128016K, capacity 132611K, committed 132944K, reserved 1165312K
  class space    used 15494K, capacity 17168K, committed 17280K, reserved 1048576K
}
Event: 6959.702 GC heap after
{Heap after GC invocations=432 (full 0):
 garbage-first heap   total 545792K, used 152427K [0x0000000080000000, 0x0000000100000000)
  region size 1024K, 2 young (2048K), 2 survivors (2048K)
 Metaspace       used 128016K, capacity 132611K, committed 132944K, reserved 1165312K
  class space    used 15494K, capacity 17168K, committed 17280K, reserved 1048576K
}
Event: 6961.027 GC heap before
{Heap before GC invocations=432 (full 0):
 garbage-first heap   total 545792K, used 444267K [0x0000000080000000, 0x0000000100000000)
  region size 1024K, 287 young (293888K), 2 survivors (2048K)
 Metaspace       used 128021K, capacity 132611K, committed 132944K, reserved 1165312K
  class space    used 15494K, capacity 17168K, committed 17280K, reserved 1048576K
}
Event: 6961.051 GC heap after
{Heap after GC invocations=433 (full 0):
 garbage-first heap   total 608256K, used 156523K [0x0000000080000000, 0x0000000100000000)
  region size 1024K, 6 young (6144K), 6 survivors (6144K)
 Metaspace       used 128021K, capacity 132611K, committed 132944K, reserved 1165312K
  class space    used 15494K, capacity 17168K, committed 17280K, reserved 1048576K
}
Event: 6963.103 GC heap before
{Heap before GC invocations=434 (full 0):
 garbage-first heap   total 608256K, used 443243K [0x0000000080000000, 0x0000000100000000)
  region size 1024K, 288 young (294912K), 6 survivors (6144K)
 Metaspace       used 128037K, capacity 132613K, committed 132944K, reserved 1165312K
  class space    used 15494K, capacity 17168K, committed 17280K, reserved 1048576K
}
Event: 6963.121 GC heap after
{Heap after GC invocations=435 (full 0):
 garbage-first heap   total 608256K, used 154475K [0x0000000080000000, 0x0000000100000000)
  region size 1024K, 7 young (7168K), 7 survivors (7168K)
 Metaspace       used 128037K, capacity 132613K, committed 132944K, reserved 1165312K
  class space    used 15494K, capacity 17168K, committed 17280K, reserved 1048576K
}
Event: 6963.257 GC heap before
{Heap before GC invocations=435 (full 0):
 garbage-first heap   total 608256K, used 177003K [0x0000000080000000, 0x0000000100000000)
  region size 1024K, 29 young (29696K), 7 survivors (7168K)
 Metaspace       used 128037K, capacity 132613K, committed 132944K, reserved 1165312K
  class space    used 15494K, capacity 17168K, committed 17280K, reserved 1048576K
}
Event: 6963.277 GC heap after
{Heap after GC invocations=436 (full 0):
 garbage-first heap   total 608256K, used 132958K [0x0000000080000000, 0x0000000100000000)
  region size 1024K, 1 young (1024K), 1 survivors (1024K)
 Metaspace       used 128037K, capacity 132613K, committed 132944K, reserved 1165312K
  class space    used 15494K, capacity 17168K, committed 17280K, reserved 1048576K
}

